<?xml version="1.0" encoding="UTF-8"?>
<testsuites name="T1" time="17" tests="1" failures="0" errors="0">
   <testsuite name="T1" tests="1" failures="0" errors="0" time="17" timestamp="2018-11-29 13:44:22" hostname="elkana.mbiti - embiti-ke.Softwaregroup-bg.com" id="Test Suites/T1">
      <properties>
         <property name="deviceName" value=""/>
         <property name="devicePlatform" value=""/>
         <property name="logFolder" value="C:\\Users\\elkana.mbiti\\Katalon Studio\\test001\\Reports\\T1\\20181129_134419"/>
         <property name="logFiles" value="C:\\Users\\elkana.mbiti\\Katalon Studio\\test001\\Reports\\T1\\20181129_134419\\execution0.log"/>
         <property name="attachments" value=""/>
         <property name="hostName" value="elkana.mbiti - embiti-ke.Softwaregroup-bg.com"/>
         <property name="os" value="Windows 10 64bit"/>
         <property name="katalonVersion" value="5.8.4.14"/>
         <property name="browser" value="Chrome 70.0.3538.110"/>
         <property name="hostAddress" value="10.235.236.240"/>
         <property name="sessionId" value="020b6518e96a72aacde81f38807574b5"/>
         <property name="seleniumVersion" value="3.7.1"/>
         <property name="proxyInformation" value="ProxyInformation{proxyOption=NO_PROXY, proxyServerType=HTTP, password=, proxyServerAddress=, proxyServerPort=0}"/>
         <property name="platform" value="Windows 10"/>
      </properties>
      <testcase name="Test Cases/To test user will successfully login to application" classname="Test Cases/To test user will successfully login to application" status="PASSED">
         <system-out><![CDATA[2018-11-29 13:44:23 - [TEST_CASE][PASSED] - Test Cases/To test user will successfully login to application: Test Cases/To test user will successfully login to application

2018-11-29 13:44:23 - [TEST_STEP][PASSED] - openBrowser: Browser is opened with url: ''

2018-11-29 13:44:28 - [MESSAGE][PASSED] - Browser is opened with url: ''

2018-11-29 13:44:28 - [TEST_STEP][PASSED] - navigateToUrl: Navigate to 'https://github.com/' successfully

2018-11-29 13:44:34 - [MESSAGE][PASSED] - Navigate to 'https://github.com/' successfully

2018-11-29 13:44:34 - [TEST_STEP][PASSED] - click: Object: 'Object Repository/Test1_OR/Page_The worlds leading software de/a_Signin' is clicked on

2018-11-29 13:44:35 - [MESSAGE][PASSED] - Object: 'Object Repository/Test1_OR/Page_The worlds leading software de/a_Signin' is clicked on

2018-11-29 13:44:35 - [TEST_STEP][PASSED] - setText: Text 'Crustacean' is set on object 'Object Repository/Test1_OR/Page_Sign in to GitHub  GitHub/input_Username or email addres'

2018-11-29 13:44:35 - [MESSAGE][PASSED] - Text 'Crustacean' is set on object 'Object Repository/Test1_OR/Page_Sign in to GitHub  GitHub/input_Username or email addres'

2018-11-29 13:44:35 - [TEST_STEP][PASSED] - setEncryptedText: Text ****** has been set on object 'Object Repository/Test1_OR/Page_Sign in to GitHub  GitHub/input_Forgot password_password'

2018-11-29 13:44:35 - [MESSAGE][PASSED] - Text ****** has been set on object 'Object Repository/Test1_OR/Page_Sign in to GitHub  GitHub/input_Forgot password_password'

2018-11-29 13:44:35 - [TEST_STEP][PASSED] - click: Object: 'Object Repository/Test1_OR/Page_Sign in to GitHub  GitHub/input_Forgot password_commit' is clicked on

2018-11-29 13:44:37 - [MESSAGE][PASSED] - Object: 'Object Repository/Test1_OR/Page_Sign in to GitHub  GitHub/input_Forgot password_commit' is clicked on

2018-11-29 13:44:37 - [TEST_STEP][PASSED] - click: Object: 'Object Repository/Test1_OR/Page_GitHub/span_New organization_dropdown' is clicked on

2018-11-29 13:44:37 - [MESSAGE][PASSED] - Object: 'Object Repository/Test1_OR/Page_GitHub/span_New organization_dropdown' is clicked on

2018-11-29 13:44:37 - [TEST_STEP][PASSED] - click: Object: 'Object Repository/Test1_OR/Page_GitHub/button_Sign out' is clicked on

2018-11-29 13:44:38 - [MESSAGE][PASSED] - Object: 'Object Repository/Test1_OR/Page_GitHub/button_Sign out' is clicked on

2018-11-29 13:44:38 - [TEST_STEP][PASSED] - closeBrowser: Browser is closed

2018-11-29 13:44:39 - [MESSAGE][PASSED] - Browser is closed]]></system-out>
         <system-err><![CDATA[]]></system-err>
      </testcase>
      <system-out><![CDATA[2018-11-29 13:44:22 - [TEST_SUITE][PASSED] - T1: Test Cases/To test user will successfully login to application]]></system-out>
      <system-err><![CDATA[]]></system-err>
   </testsuite>
</testsuites>
